2024-09-26 20:31:15,031 - INFO - 
Experiment Configuration:
Database Sizes: [1000000, 2000000, 3000000, 4000000, 5000000, 6000000, 7000000, 8000000, 9000000, 10000000]
Number of Trials: 3
Epsilon Adjustment Factors: [10, 100, 1000, 10000]
Target Percentage of Rows to Remove: 10.0%

2024-09-26 20:31:15,031 - INFO - Using 48 CPU cores for parallel processing.
2024-09-26 20:31:15,031 - INFO - 
Starting experiment with random seed 704357.
2024-09-26 20:31:15,031 - INFO - 
Processing Dataset Size: 1000000

2024-09-26 20:31:15,185 - INFO - Statistics for Dataset Size: 1000000
==================================================

2024-09-26 20:31:15,185 - INFO - 
Testing with Epsilon Factor: 10

2024-09-26 20:31:32,626 - INFO - 
Averages for Dataset Size 1000000, Epsilon Factor 10:
==================================================

2024-09-26 20:31:32,627 - INFO - Algorithm: Per Group Removal Algorithm
Number of Successful Trials: 3
Average Tuples Removed: 42.67
Average Tuples Removed From W=0: 0.00
Average Tuples Removed From W=1: 42.67
Average Time Taken: 7.73 seconds
--------------------------------------------------

2024-09-26 20:31:32,627 - INFO - 
Testing with Epsilon Factor: 100

2024-09-26 20:32:16,578 - INFO - 
Averages for Dataset Size 1000000, Epsilon Factor 100:
==================================================

2024-09-26 20:32:16,578 - INFO - Algorithm: Per Group Removal Algorithm
Number of Successful Trials: 3
Average Tuples Removed: 112.00
Average Tuples Removed From W=0: 0.33
Average Tuples Removed From W=1: 111.67
Average Time Taken: 20.53 seconds
--------------------------------------------------

2024-09-26 20:32:16,578 - INFO - 
Testing with Epsilon Factor: 1000

2024-09-26 20:34:42,542 - INFO - 
Averages for Dataset Size 1000000, Epsilon Factor 1000:
==================================================

2024-09-26 20:34:42,543 - INFO - Algorithm: Per Group Removal Algorithm
Number of Successful Trials: 3
Average Tuples Removed: 576.67
Average Tuples Removed From W=0: 281.00
Average Tuples Removed From W=1: 295.67
Average Time Taken: 99.61 seconds
--------------------------------------------------

2024-09-26 20:34:42,543 - INFO - 
Testing with Epsilon Factor: 10000

2024-09-26 20:37:38,868 - INFO - 
Averages for Dataset Size 1000000, Epsilon Factor 10000:
==================================================

2024-09-26 20:37:38,869 - INFO - Algorithm: Per Group Removal Algorithm
Number of Successful Trials: 3
Average Tuples Removed: 871.00
Average Tuples Removed From W=0: 526.00
Average Tuples Removed From W=1: 345.00
Average Time Taken: 168.93 seconds
--------------------------------------------------

2024-09-26 20:37:40,485 - INFO - 
Processing Dataset Size: 2000000

2024-09-26 20:37:40,781 - INFO - Statistics for Dataset Size: 2000000
==================================================

2024-09-26 20:37:40,781 - INFO - 
Testing with Epsilon Factor: 10

2024-09-26 20:39:56,109 - INFO - 
Averages for Dataset Size 2000000, Epsilon Factor 10:
==================================================

2024-09-26 20:39:56,109 - INFO - Algorithm: Per Group Removal Algorithm
Number of Successful Trials: 3
Average Tuples Removed: 158.67
Average Tuples Removed From W=0: 4.33
Average Tuples Removed From W=1: 154.33
Average Time Taken: 66.38 seconds
--------------------------------------------------

2024-09-26 20:39:56,109 - INFO - 
Testing with Epsilon Factor: 100

2024-09-26 20:41:04,503 - INFO - 
Averages for Dataset Size 2000000, Epsilon Factor 100:
==================================================

2024-09-26 20:41:04,504 - INFO - Algorithm: Per Group Removal Algorithm
Number of Successful Trials: 3
Average Tuples Removed: 90.00
Average Tuples Removed From W=0: 6.00
Average Tuples Removed From W=1: 84.00
Average Time Taken: 38.12 seconds
--------------------------------------------------

2024-09-26 20:41:04,504 - INFO - 
Testing with Epsilon Factor: 1000

2024-09-26 20:53:04,233 - INFO - 
Averages for Dataset Size 2000000, Epsilon Factor 1000:
==================================================

2024-09-26 20:53:04,233 - INFO - Algorithm: Per Group Removal Algorithm
Number of Successful Trials: 3
Average Tuples Removed: 693.33
Average Tuples Removed From W=0: 180.67
Average Tuples Removed From W=1: 512.67
Average Time Taken: 289.23 seconds
--------------------------------------------------

2024-09-26 20:53:04,233 - INFO - 
Testing with Epsilon Factor: 10000

2024-09-26 21:07:15,133 - INFO - 
Averages for Dataset Size 2000000, Epsilon Factor 10000:
==================================================

2024-09-26 21:07:15,133 - INFO - Algorithm: Per Group Removal Algorithm
Number of Successful Trials: 3
Average Tuples Removed: 1861.67
Average Tuples Removed From W=0: 632.33
Average Tuples Removed From W=1: 1229.33
Average Time Taken: 794.81 seconds
--------------------------------------------------

2024-09-26 21:07:17,795 - INFO - 
Processing Dataset Size: 3000000

2024-09-26 21:07:18,229 - INFO - Statistics for Dataset Size: 3000000
==================================================

2024-09-26 21:07:18,229 - INFO - 
Testing with Epsilon Factor: 10

2024-09-26 21:07:44,017 - INFO - 
Averages for Dataset Size 3000000, Epsilon Factor 10:
==================================================

2024-09-26 21:07:44,018 - INFO - Algorithm: Per Group Removal Algorithm
Number of Successful Trials: 3
Average Tuples Removed: 31.00
Average Tuples Removed From W=0: 0.00
Average Tuples Removed From W=1: 31.00
Average Time Taken: 21.53 seconds
--------------------------------------------------

2024-09-26 21:07:44,018 - INFO - 
Testing with Epsilon Factor: 100

2024-09-26 21:10:34,790 - INFO - 
Averages for Dataset Size 3000000, Epsilon Factor 100:
==================================================

2024-09-26 21:10:34,791 - INFO - Algorithm: Per Group Removal Algorithm
Number of Successful Trials: 3
Average Tuples Removed: 119.33
Average Tuples Removed From W=0: 0.33
Average Tuples Removed From W=1: 119.00
Average Time Taken: 76.57 seconds
--------------------------------------------------

2024-09-26 21:10:34,791 - INFO - 
Testing with Epsilon Factor: 1000

2024-09-26 21:38:28,951 - INFO - 
Averages for Dataset Size 3000000, Epsilon Factor 1000:
==================================================

2024-09-26 21:38:28,952 - INFO - Algorithm: Per Group Removal Algorithm
Number of Successful Trials: 3
Average Tuples Removed: 2573.00
Average Tuples Removed From W=0: 1687.33
Average Tuples Removed From W=1: 885.67
Average Time Taken: 1649.62 seconds
--------------------------------------------------

2024-09-26 21:38:28,952 - INFO - 
Testing with Epsilon Factor: 10000

2024-09-26 22:08:29,888 - INFO - 
Averages for Dataset Size 3000000, Epsilon Factor 10000:
==================================================

2024-09-26 22:08:29,889 - INFO - Algorithm: Per Group Removal Algorithm
Number of Successful Trials: 3
Average Tuples Removed: 2683.00
Average Tuples Removed From W=0: 1703.00
Average Tuples Removed From W=1: 980.00
Average Time Taken: 1716.71 seconds
--------------------------------------------------

2024-09-26 22:08:32,867 - INFO - 
Processing Dataset Size: 4000000

2024-09-26 22:08:33,418 - INFO - Statistics for Dataset Size: 4000000
==================================================

2024-09-26 22:08:33,418 - INFO - 
Testing with Epsilon Factor: 10

2024-09-26 22:12:53,505 - INFO - 
Averages for Dataset Size 4000000, Epsilon Factor 10:
==================================================

2024-09-26 22:12:53,506 - INFO - Algorithm: Per Group Removal Algorithm
Number of Successful Trials: 3
Average Tuples Removed: 163.33
Average Tuples Removed From W=0: 145.33
Average Tuples Removed From W=1: 18.00
Average Time Taken: 141.41 seconds
--------------------------------------------------

2024-09-26 22:12:53,506 - INFO - 
Testing with Epsilon Factor: 100

2024-09-26 22:15:42,715 - INFO - 
Averages for Dataset Size 4000000, Epsilon Factor 100:
==================================================

2024-09-26 22:15:42,716 - INFO - Algorithm: Per Group Removal Algorithm
Number of Successful Trials: 3
Average Tuples Removed: 124.00
Average Tuples Removed From W=0: 65.33
Average Tuples Removed From W=1: 58.67
Average Time Taken: 107.25 seconds
--------------------------------------------------

2024-09-26 22:15:42,716 - INFO - 
Testing with Epsilon Factor: 1000

2024-09-26 23:00:03,649 - INFO - 
Averages for Dataset Size 4000000, Epsilon Factor 1000:
==================================================

2024-09-26 23:00:03,649 - INFO - Algorithm: Per Group Removal Algorithm
Number of Successful Trials: 3
Average Tuples Removed: 1319.00
Average Tuples Removed From W=0: 969.67
Average Tuples Removed From W=1: 349.33
Average Time Taken: 1113.69 seconds
--------------------------------------------------

2024-09-26 23:00:03,649 - INFO - 
Testing with Epsilon Factor: 10000

2024-09-26 23:55:44,693 - INFO - 
Averages for Dataset Size 4000000, Epsilon Factor 10000:
==================================================

2024-09-26 23:55:44,694 - INFO - Algorithm: Per Group Removal Algorithm
Number of Successful Trials: 3
Average Tuples Removed: 3415.67
Average Tuples Removed From W=0: 2269.33
Average Tuples Removed From W=1: 1146.33
Average Time Taken: 2930.41 seconds
--------------------------------------------------

2024-09-26 23:55:47,465 - INFO - 
Processing Dataset Size: 5000000

2024-09-26 23:55:48,206 - INFO - Statistics for Dataset Size: 5000000
==================================================

2024-09-26 23:55:48,206 - INFO - 
Testing with Epsilon Factor: 10

2024-09-26 23:57:49,994 - INFO - 
Averages for Dataset Size 5000000, Epsilon Factor 10:
==================================================

2024-09-26 23:57:49,994 - INFO - Algorithm: Per Group Removal Algorithm
Number of Successful Trials: 3
Average Tuples Removed: 50.00
Average Tuples Removed From W=0: 50.00
Average Tuples Removed From W=1: 0.00
Average Time Taken: 54.99 seconds
--------------------------------------------------

2024-09-26 23:57:49,994 - INFO - 
Testing with Epsilon Factor: 100

2024-09-27 00:04:49,917 - INFO - 
Averages for Dataset Size 5000000, Epsilon Factor 100:
==================================================

2024-09-27 00:04:49,918 - INFO - Algorithm: Per Group Removal Algorithm
Number of Successful Trials: 3
Average Tuples Removed: 217.67
Average Tuples Removed From W=0: 217.67
Average Tuples Removed From W=1: 0.00
Average Time Taken: 234.29 seconds
--------------------------------------------------

2024-09-27 00:04:49,918 - INFO - 
Testing with Epsilon Factor: 1000

2024-09-27 00:10:04,856 - INFO - 
Averages for Dataset Size 5000000, Epsilon Factor 1000:
==================================================

2024-09-27 00:10:04,856 - INFO - Algorithm: Per Group Removal Algorithm
Number of Successful Trials: 3
Average Tuples Removed: 260.00
Average Tuples Removed From W=0: 256.67
Average Tuples Removed From W=1: 3.33
Average Time Taken: 281.91 seconds
--------------------------------------------------

2024-09-27 00:10:04,856 - INFO - 
Testing with Epsilon Factor: 10000

2024-09-27 01:56:38,037 - INFO - 
Averages for Dataset Size 5000000, Epsilon Factor 10000:
==================================================

2024-09-27 01:56:38,038 - INFO - Algorithm: Per Group Removal Algorithm
Number of Successful Trials: 3
Average Tuples Removed: 5127.33
Average Tuples Removed From W=0: 3268.67
Average Tuples Removed From W=1: 1858.67
Average Time Taken: 5513.19 seconds
--------------------------------------------------

2024-09-27 01:56:40,912 - INFO - 
Processing Dataset Size: 6000000

2024-09-27 01:56:41,836 - INFO - Statistics for Dataset Size: 6000000
==================================================

2024-09-27 01:56:41,836 - INFO - 
Testing with Epsilon Factor: 10

2024-09-27 02:05:03,647 - INFO - 
Averages for Dataset Size 6000000, Epsilon Factor 10:
==================================================

2024-09-27 02:05:03,648 - INFO - Algorithm: Per Group Removal Algorithm
Number of Successful Trials: 3
Average Tuples Removed: 267.67
Average Tuples Removed From W=0: 0.00
Average Tuples Removed From W=1: 267.67
Average Time Taken: 349.22 seconds
--------------------------------------------------

2024-09-27 02:05:03,648 - INFO - 
Testing with Epsilon Factor: 100

2024-09-27 02:15:52,336 - INFO - 
Averages for Dataset Size 6000000, Epsilon Factor 100:
==================================================

2024-09-27 02:15:52,337 - INFO - Algorithm: Per Group Removal Algorithm
Number of Successful Trials: 3
Average Tuples Removed: 244.00
Average Tuples Removed From W=0: 0.00
Average Tuples Removed From W=1: 244.00
Average Time Taken: 314.00 seconds
--------------------------------------------------

2024-09-27 02:15:52,337 - INFO - 
Testing with Epsilon Factor: 1000

2024-09-27 02:23:47,038 - INFO - 
Averages for Dataset Size 6000000, Epsilon Factor 1000:
==================================================

2024-09-27 02:23:47,038 - INFO - Algorithm: Per Group Removal Algorithm
Number of Successful Trials: 3
Average Tuples Removed: 259.00
Average Tuples Removed From W=0: 6.33
Average Tuples Removed From W=1: 252.67
Average Time Taken: 336.80 seconds
--------------------------------------------------

2024-09-27 02:23:47,038 - INFO - 
Testing with Epsilon Factor: 10000

2024-09-27 04:23:23,104 - INFO - 
Averages for Dataset Size 6000000, Epsilon Factor 10000:
==================================================

2024-09-27 04:23:23,105 - INFO - Algorithm: Per Group Removal Algorithm
Number of Successful Trials: 3
Average Tuples Removed: 3749.00
Average Tuples Removed From W=0: 2264.33
Average Tuples Removed From W=1: 1484.67
Average Time Taken: 4763.38 seconds
--------------------------------------------------

2024-09-27 04:23:25,988 - INFO - 
Processing Dataset Size: 7000000

2024-09-27 04:23:27,065 - INFO - Statistics for Dataset Size: 7000000
==================================================

2024-09-27 04:23:27,065 - INFO - 
Testing with Epsilon Factor: 10

2024-09-27 04:27:30,762 - INFO - 
Averages for Dataset Size 7000000, Epsilon Factor 10:
==================================================

2024-09-27 04:27:30,763 - INFO - Algorithm: Per Group Removal Algorithm
Number of Successful Trials: 3
Average Tuples Removed: 101.33
Average Tuples Removed From W=0: 31.33
Average Tuples Removed From W=1: 70.00
Average Time Taken: 155.33 seconds
--------------------------------------------------

2024-09-27 04:27:30,763 - INFO - 
Testing with Epsilon Factor: 100

2024-09-27 04:35:18,528 - INFO - 
Averages for Dataset Size 7000000, Epsilon Factor 100:
==================================================

2024-09-27 04:35:18,528 - INFO - Algorithm: Per Group Removal Algorithm
Number of Successful Trials: 3
Average Tuples Removed: 189.00
Average Tuples Removed From W=0: 181.00
Average Tuples Removed From W=1: 8.00
Average Time Taken: 282.76 seconds
--------------------------------------------------

2024-09-27 04:35:18,528 - INFO - 
Testing with Epsilon Factor: 1000

2024-09-27 04:39:07,182 - INFO - 
Averages for Dataset Size 7000000, Epsilon Factor 1000:
==================================================

2024-09-27 04:39:07,182 - INFO - Algorithm: Per Group Removal Algorithm
Number of Successful Trials: 3
Average Tuples Removed: 113.67
Average Tuples Removed From W=0: 18.33
Average Tuples Removed From W=1: 95.33
Average Time Taken: 172.74 seconds
--------------------------------------------------

2024-09-27 04:39:07,182 - INFO - 
Testing with Epsilon Factor: 10000

2024-09-27 06:59:30,512 - INFO - 
Averages for Dataset Size 7000000, Epsilon Factor 10000:
==================================================

2024-09-27 06:59:30,513 - INFO - Algorithm: Per Group Removal Algorithm
Number of Successful Trials: 3
Average Tuples Removed: 5421.67
Average Tuples Removed From W=0: 3129.00
Average Tuples Removed From W=1: 2292.67
Average Time Taken: 8236.62 seconds
--------------------------------------------------

2024-09-27 06:59:33,512 - INFO - 
Processing Dataset Size: 8000000

2024-09-27 06:59:34,815 - INFO - Statistics for Dataset Size: 8000000
==================================================

2024-09-27 06:59:34,815 - INFO - 
Testing with Epsilon Factor: 10

2024-09-27 07:09:46,675 - INFO - 
Averages for Dataset Size 8000000, Epsilon Factor 10:
==================================================

2024-09-27 07:09:46,675 - INFO - Algorithm: Per Group Removal Algorithm
Number of Successful Trials: 3
Average Tuples Removed: 227.67
Average Tuples Removed From W=0: 227.67
Average Tuples Removed From W=1: 0.00
Average Time Taken: 396.20 seconds
--------------------------------------------------

2024-09-27 07:09:46,675 - INFO - 
Testing with Epsilon Factor: 100

2024-09-27 07:21:08,410 - INFO - 
Averages for Dataset Size 8000000, Epsilon Factor 100:
==================================================

2024-09-27 07:21:08,411 - INFO - Algorithm: Per Group Removal Algorithm
Number of Successful Trials: 3
Average Tuples Removed: 209.67
Average Tuples Removed From W=0: 209.33
Average Tuples Removed From W=1: 0.33
Average Time Taken: 360.01 seconds
--------------------------------------------------

2024-09-27 07:21:08,411 - INFO - 
Testing with Epsilon Factor: 1000

2024-09-27 07:38:26,434 - INFO - 
Averages for Dataset Size 8000000, Epsilon Factor 1000:
==================================================

2024-09-27 07:38:26,435 - INFO - Algorithm: Per Group Removal Algorithm
Number of Successful Trials: 3
Average Tuples Removed: 375.67
Average Tuples Removed From W=0: 375.67
Average Tuples Removed From W=1: 0.00
Average Time Taken: 650.47 seconds
--------------------------------------------------

2024-09-27 07:38:26,435 - INFO - 
Testing with Epsilon Factor: 10000

2024-09-27 11:07:48,212 - INFO - 
Averages for Dataset Size 8000000, Epsilon Factor 10000:
==================================================

2024-09-27 11:07:48,212 - INFO - Algorithm: Per Group Removal Algorithm
Number of Successful Trials: 3
Average Tuples Removed: 6955.33
Average Tuples Removed From W=0: 2381.00
Average Tuples Removed From W=1: 4574.33
Average Time Taken: 12106.41 seconds
--------------------------------------------------

2024-09-27 11:07:51,296 - INFO - 
Processing Dataset Size: 9000000

2024-09-27 11:07:52,753 - INFO - Statistics for Dataset Size: 9000000
==================================================

2024-09-27 11:07:52,754 - INFO - 
Testing with Epsilon Factor: 10

2024-09-27 11:21:53,197 - INFO - 
Averages for Dataset Size 9000000, Epsilon Factor 10:
==================================================

2024-09-27 11:21:53,198 - INFO - Algorithm: Per Group Removal Algorithm
Number of Successful Trials: 3
Average Tuples Removed: 318.00
Average Tuples Removed From W=0: 0.00
Average Tuples Removed From W=1: 318.00
Average Time Taken: 622.38 seconds
--------------------------------------------------

2024-09-27 11:21:53,198 - INFO - 
Testing with Epsilon Factor: 100

2024-09-27 11:33:04,154 - INFO - 
Averages for Dataset Size 9000000, Epsilon Factor 100:
==================================================

2024-09-27 11:33:04,155 - INFO - Algorithm: Per Group Removal Algorithm
Number of Successful Trials: 3
Average Tuples Removed: 218.33
Average Tuples Removed From W=0: 0.00
Average Tuples Removed From W=1: 218.33
Average Time Taken: 430.30 seconds
--------------------------------------------------

2024-09-27 11:33:04,155 - INFO - 
Testing with Epsilon Factor: 1000

2024-09-27 15:20:14,000 - INFO - 
Averages for Dataset Size 9000000, Epsilon Factor 1000:
==================================================

2024-09-27 15:20:14,001 - INFO - Algorithm: Per Group Removal Algorithm
Number of Successful Trials: 3
Average Tuples Removed: 2511.67
Average Tuples Removed From W=0: 1595.33
Average Tuples Removed From W=1: 916.33
Average Time Taken: 4776.13 seconds
--------------------------------------------------

2024-09-27 15:20:14,001 - INFO - 
Testing with Epsilon Factor: 10000

2024-09-27 19:26:34,178 - INFO - 
Averages for Dataset Size 9000000, Epsilon Factor 10000:
==================================================

2024-09-27 19:26:34,179 - INFO - Algorithm: Per Group Removal Algorithm
Number of Successful Trials: 3
Average Tuples Removed: 7431.00
Average Tuples Removed From W=0: 4752.33
Average Tuples Removed From W=1: 2678.67
Average Time Taken: 14577.36 seconds
--------------------------------------------------

2024-09-27 19:26:37,352 - INFO - 
Processing Dataset Size: 10000000

2024-09-27 19:26:38,969 - INFO - Statistics for Dataset Size: 10000000
==================================================

2024-09-27 19:26:38,969 - INFO - 
Testing with Epsilon Factor: 10

2024-09-27 19:47:39,743 - INFO - 
Averages for Dataset Size 10000000, Epsilon Factor 10:
==================================================

2024-09-27 19:47:39,743 - INFO - Algorithm: Per Group Removal Algorithm
Number of Successful Trials: 3
Average Tuples Removed: 245.00
Average Tuples Removed From W=0: 245.00
Average Tuples Removed From W=1: 0.00
Average Time Taken: 528.17 seconds
--------------------------------------------------

2024-09-27 19:47:39,743 - INFO - 
Testing with Epsilon Factor: 100

2024-09-27 19:59:29,880 - INFO - 
Averages for Dataset Size 10000000, Epsilon Factor 100:
==================================================

2024-09-27 19:59:29,881 - INFO - Algorithm: Per Group Removal Algorithm
Number of Successful Trials: 3
Average Tuples Removed: 180.33
Average Tuples Removed From W=0: 180.00
Average Tuples Removed From W=1: 0.33
Average Time Taken: 385.74 seconds
--------------------------------------------------

2024-09-27 19:59:29,881 - INFO - 
Testing with Epsilon Factor: 1000

2024-09-27 20:21:23,178 - INFO - 
Averages for Dataset Size 10000000, Epsilon Factor 1000:
==================================================

2024-09-27 20:21:23,179 - INFO - Algorithm: Per Group Removal Algorithm
Number of Successful Trials: 3
Average Tuples Removed: 315.67
Average Tuples Removed From W=0: 315.00
Average Tuples Removed From W=1: 0.67
Average Time Taken: 684.39 seconds
--------------------------------------------------

2024-09-27 20:21:23,179 - INFO - 
Testing with Epsilon Factor: 10000

2024-09-28 01:26:29,246 - INFO - 
Averages for Dataset Size 10000000, Epsilon Factor 10000:
==================================================

2024-09-28 01:26:29,251 - INFO - Algorithm: Per Group Removal Algorithm
Number of Successful Trials: 3
Average Tuples Removed: 8133.67
Average Tuples Removed From W=0: 2970.00
Average Tuples Removed From W=1: 5163.67
Average Time Taken: 17751.90 seconds
--------------------------------------------------

2024-09-28 01:26:32,511 - INFO - 
Experiment Completed.
